# JRE version: Java(TM) SE Runtime Environment 18.9 (11.0.12+8) (build 11.0.12+8-LTS-237)
# Java VM: Java HotSpot(TM) 64-Bit Server VM 18.9 (11.0.12+8-LTS-237, mixed mode, tiered, compressed oops, g1 gc, windows-amd64)
Heap:
 garbage-first heap   total 101376K, used 43707K [0x00000000c8e00000, 0x0000000100000000)
  region size 1024K, 3 young (3072K), 3 survivors (3072K)
 Metaspace       used 72159K, capacity 74264K, committed 74572K, reserved 1114112K
  class space    used 9459K, capacity 10247K, committed 10316K, reserved 1048576K
GC Heap History (10 events):
Event: 48.486 GC heap after
{Heap after GC invocations=46 (full 0):
 garbage-first heap   total 83968K, used 39807K [0x00000000c8e00000, 0x0000000100000000)
  region size 1024K, 3 young (3072K), 3 survivors (3072K)
 Metaspace       used 69831K, capacity 71844K, committed 72012K, reserved 1112064K
  class space    used 9191K, capacity 9956K, committed 10060K, reserved 1048576K
}
Event: 49.066 GC heap before
{Heap before GC invocations=46 (full 0):
 garbage-first heap   total 83968K, used 70527K [0x00000000c8e00000, 0x0000000100000000)
  region size 1024K, 33 young (33792K), 3 survivors (3072K)
 Metaspace       used 70219K, capacity 72316K, committed 72524K, reserved 1112064K
  class space    used 9232K, capacity 10010K, committed 10060K, reserved 1048576K
}
Event: 49.078 GC heap after
{Heap after GC invocations=47 (full 0):
 garbage-first heap   total 83968K, used 40639K [0x00000000c8e00000, 0x0000000100000000)
  region size 1024K, 4 young (4096K), 4 survivors (4096K)
 Metaspace       used 70219K, capacity 72316K, committed 72524K, reserved 1112064K
  class space    used 9232K, capacity 10010K, committed 10060K, reserved 1048576K
}
Event: 49.838 GC heap before
{Heap before GC invocations=47 (full 0):
 garbage-first heap   total 83968K, used 69311K [0x00000000c8e00000, 0x0000000100000000)
  region size 1024K, 32 young (32768K), 4 survivors (4096K)
 Metaspace       used 71297K, capacity 73432K, committed 73676K, reserved 1112064K
  class space    used 9345K, capacity 10143K, committed 10188K, reserved 1048576K
}
Event: 49.857 GC heap after
{Heap after GC invocations=48 (full 0):
 garbage-first heap   total 83968K, used 41421K [0x00000000c8e00000, 0x0000000100000000)
  region size 1024K, 3 young (3072K), 3 survivors (3072K)
 Metaspace       used 71297K, capacity 73432K, committed 73676K, reserved 1112064K
  class space    used 9345K, capacity 10143K, committed 10188K, reserved 1048576K
}
Event: 50.579 GC heap before
{Heap before GC invocations=49 (full 0):
 garbage-first heap   total 83968K, used 70093K [0x00000000c8e00000, 0x0000000100000000)
  region size 1024K, 31 young (31744K), 3 survivors (3072K)
 Metaspace       used 71828K, capacity 73953K, committed 74060K, reserved 1114112K
  class space    used 9417K, capacity 10209K, committed 10316K, reserved 1048576K
}
Event: 50.589 GC heap after
{Heap after GC invocations=50 (full 0):
 garbage-first heap   total 83968K, used 42228K [0x00000000c8e00000, 0x0000000100000000)
  region size 1024K, 3 young (3072K), 3 survivors (3072K)
 Metaspace       used 71828K, capacity 73953K, committed 74060K, reserved 1114112K
  class space    used 9417K, capacity 10209K, committed 10316K, reserved 1048576K
}
Event: 50.824 GC heap before
{Heap before GC invocations=50 (full 0):
 garbage-first heap   total 83968K, used 70900K [0x00000000c8e00000, 0x0000000100000000)
  region size 1024K, 31 young (31744K), 3 survivors (3072K)
 Metaspace       used 71867K, capacity 73958K, committed 74316K, reserved 1114112K
  class space    used 9421K, capacity 10211K, committed 10316K, reserved 1048576K
}
Event: 50.836 GC heap after
{Heap after GC invocations=51 (full 0):
 garbage-first heap   total 83968K, used 42796K [0x00000000c8e00000, 0x0000000100000000)
  region size 1024K, 3 young (3072K), 3 survivors (3072K)
 Metaspace       used 71867K, capacity 73958K, committed 74316K, reserved 1114112K
  class space    used 9421K, capacity 10211K, committed 10316K, reserved 1048576K
}
Event: 51.890 GC heap before
{Heap before GC invocations=52 (full 0):
 garbage-first heap   total 83968K, used 70444K [0x00000000c8e00000, 0x0000000100000000)
  region size 1024K, 30 young (30720K), 3 survivors (3072K)
 Metaspace       used 72159K, capacity 74264K, committed 74572K, reserved 1114112K
  class space    used 9459K, capacity 10247K, committed 10316K, reserved 1048576K
}

