# JRE version: Java(TM) SE Runtime Environment 18.9 (11.0.12+8) (build 11.0.12+8-LTS-237)
# Java VM: Java HotSpot(TM) 64-Bit Server VM 18.9 (11.0.12+8-LTS-237, mixed mode, tiered, compressed oops, g1 gc, windows-amd64)
Heap:
 garbage-first heap   total 57344K, used 12034K [0x00000000c8e00000, 0x0000000100000000)
  region size 1024K, 2 young (2048K), 2 survivors (2048K)
 Metaspace       used 14347K, capacity 14727K, committed 14848K, reserved 1071104K
  class space    used 1529K, capacity 1694K, committed 1792K, reserved 1048576K
GC Heap History (6 events):
Event: 5.300 GC heap before
{Heap before GC invocations=0 (full 0):
 garbage-first heap   total 57344K, used 15360K [0x00000000c8e00000, 0x0000000100000000)
  region size 1024K, 14 young (14336K), 0 survivors (0K)
 Metaspace       used 8212K, capacity 8294K, committed 8448K, reserved 1056768K
  class space    used 743K, capacity 763K, committed 768K, reserved 1048576K
}
Event: 5.334 GC heap after
{Heap after GC invocations=1 (full 0):
 garbage-first heap   total 57344K, used 10312K [0x00000000c8e00000, 0x0000000100000000)
  region size 1024K, 2 young (2048K), 2 survivors (2048K)
 Metaspace       used 8212K, capacity 8294K, committed 8448K, reserved 1056768K
  class space    used 743K, capacity 763K, committed 768K, reserved 1048576K
}
Event: 9.170 GC heap before
{Heap before GC invocations=1 (full 0):
 garbage-first heap   total 57344K, used 18504K [0x00000000c8e00000, 0x0000000100000000)
  region size 1024K, 10 young (10240K), 2 survivors (2048K)
 Metaspace       used 12570K, capacity 12863K, committed 12928K, reserved 1060864K
  class space    used 1300K, capacity 1396K, committed 1408K, reserved 1048576K
}
Event: 9.180 GC heap after
{Heap after GC invocations=2 (full 0):
 garbage-first heap   total 57344K, used 11567K [0x00000000c8e00000, 0x0000000100000000)
  region size 1024K, 1 young (1024K), 1 survivors (1024K)
 Metaspace       used 12570K, capacity 12863K, committed 12928K, reserved 1060864K
  class space    used 1300K, capacity 1396K, committed 1408K, reserved 1048576K
}
Event: 9.486 GC heap before
{Heap before GC invocations=2 (full 0):
 garbage-first heap   total 57344K, used 16687K [0x00000000c8e00000, 0x0000000100000000)
  region size 1024K, 7 young (7168K), 1 survivors (1024K)
 Metaspace       used 14347K, capacity 14727K, committed 14848K, reserved 1069056K
  class space    used 1529K, capacity 1694K, committed 1792K, reserved 1048576K
}
Event: 9.493 GC heap after
{Heap after GC invocations=3 (full 0):
 garbage-first heap   total 57344K, used 12034K [0x00000000c8e00000, 0x0000000100000000)
  region size 1024K, 2 young (2048K), 2 survivors (2048K)
 Metaspace       used 14347K, capacity 14727K, committed 14848K, reserved 1069056K
  class space    used 1529K, capacity 1694K, committed 1792K, reserved 1048576K
}

