# JRE version: Java(TM) SE Runtime Environment 18.9 (11.0.12+8) (build 11.0.12+8-LTS-237)
# Java VM: Java HotSpot(TM) 64-Bit Server VM 18.9 (11.0.12+8-LTS-237, mixed mode, tiered, compressed oops, g1 gc, windows-amd64)
Heap:
 garbage-first heap   total 101376K, used 72380K [0x00000000c8e00000, 0x0000000100000000)
  region size 1024K, 48 young (49152K), 3 survivors (3072K)
 Metaspace       used 54444K, capacity 55937K, committed 56064K, reserved 1097728K
  class space    used 6972K, capacity 7566K, committed 7680K, reserved 1048576K
GC Heap History (10 events):
Event: 18.908 GC heap before
{Heap before GC invocations=21 (full 0):
 garbage-first heap   total 83968K, used 66682K [0x00000000c8e00000, 0x0000000100000000)
  region size 1024K, 48 young (49152K), 5 survivors (5120K)
 Metaspace       used 39705K, capacity 41079K, committed 41088K, reserved 1085440K
  class space    used 4935K, capacity 5498K, committed 5504K, reserved 1048576K
}
Event: 18.926 GC heap after
{Heap after GC invocations=22 (full 0):
 garbage-first heap   total 83968K, used 24573K [0x00000000c8e00000, 0x0000000100000000)
  region size 1024K, 5 young (5120K), 5 survivors (5120K)
 Metaspace       used 39705K, capacity 41079K, committed 41088K, reserved 1085440K
  class space    used 4935K, capacity 5498K, committed 5504K, reserved 1048576K
}
Event: 19.221 GC heap before
{Heap before GC invocations=22 (full 0):
 garbage-first heap   total 83968K, used 65533K [0x00000000c8e00000, 0x0000000100000000)
  region size 1024K, 46 young (47104K), 5 survivors (5120K)
 Metaspace       used 40394K, capacity 41805K, committed 41984K, reserved 1085440K
  class space    used 5000K, capacity 5569K, committed 5632K, reserved 1048576K
}
Event: 19.236 GC heap after
{Heap after GC invocations=23 (full 0):
 garbage-first heap   total 83968K, used 25256K [0x00000000c8e00000, 0x0000000100000000)
  region size 1024K, 3 young (3072K), 3 survivors (3072K)
 Metaspace       used 40394K, capacity 41805K, committed 41984K, reserved 1085440K
  class space    used 5000K, capacity 5569K, committed 5632K, reserved 1048576K
}
Event: 33.092 GC heap before
{Heap before GC invocations=23 (full 0):
 garbage-first heap   total 83968K, used 67240K [0x00000000c8e00000, 0x0000000100000000)
  region size 1024K, 45 young (46080K), 3 survivors (3072K)
 Metaspace       used 41709K, capacity 43107K, committed 43392K, reserved 1087488K
  class space    used 5183K, capacity 5724K, committed 5760K, reserved 1048576K
}
Event: 33.110 GC heap after
{Heap after GC invocations=24 (full 0):
 garbage-first heap   total 101376K, used 25960K [0x00000000c8e00000, 0x0000000100000000)
  region size 1024K, 4 young (4096K), 4 survivors (4096K)
 Metaspace       used 41709K, capacity 43107K, committed 43392K, reserved 1087488K
  class space    used 5183K, capacity 5724K, committed 5760K, reserved 1048576K
}
Event: 37.945 GC heap before
{Heap before GC invocations=24 (full 0):
 garbage-first heap   total 101376K, used 78184K [0x00000000c8e00000, 0x0000000100000000)
  region size 1024K, 55 young (56320K), 4 survivors (4096K)
 Metaspace       used 44905K, capacity 46297K, committed 46464K, reserved 1089536K
  class space    used 5604K, capacity 6168K, committed 6272K, reserved 1048576K
}
Event: 37.966 GC heap after
{Heap after GC invocations=25 (full 0):
 garbage-first heap   total 101376K, used 26745K [0x00000000c8e00000, 0x0000000100000000)
  region size 1024K, 5 young (5120K), 5 survivors (5120K)
 Metaspace       used 44905K, capacity 46297K, committed 46464K, reserved 1089536K
  class space    used 5604K, capacity 6168K, committed 6272K, reserved 1048576K
}
Event: 43.448 GC heap before
{Heap before GC invocations=25 (full 0):
 garbage-first heap   total 101376K, used 81017K [0x00000000c8e00000, 0x0000000100000000)
  region size 1024K, 58 young (59392K), 5 survivors (5120K)
 Metaspace       used 48730K, capacity 50183K, committed 50432K, reserved 1093632K
  class space    used 6285K, capacity 6843K, committed 6912K, reserved 1048576K
}
Event: 43.468 GC heap after
{Heap after GC invocations=26 (full 0):
 garbage-first heap   total 101376K, used 27324K [0x00000000c8e00000, 0x0000000100000000)
  region size 1024K, 3 young (3072K), 3 survivors (3072K)
 Metaspace       used 48730K, capacity 50183K, committed 50432K, reserved 1093632K
  class space    used 6285K, capacity 6843K, committed 6912K, reserved 1048576K
}

