# JRE version: Java(TM) SE Runtime Environment 18.9 (11.0.12+8) (build 11.0.12+8-LTS-237)
# Java VM: Java HotSpot(TM) 64-Bit Server VM 18.9 (11.0.12+8-LTS-237, mixed mode, tiered, compressed oops, g1 gc, windows-amd64)
Heap:
 garbage-first heap   total 101376K, used 41588K [0x00000000c8e00000, 0x0000000100000000)
  region size 1024K, 3 young (3072K), 3 survivors (3072K)
 Metaspace       used 71982K, capacity 74077K, committed 74140K, reserved 1116160K
  class space    used 9417K, capacity 10209K, committed 10236K, reserved 1048576K
GC Heap History (10 events):
Event: 48.195 GC heap after
{Heap after GC invocations=42 (full 0):
 garbage-first heap   total 83968K, used 37489K [0x00000000c8e00000, 0x0000000100000000)
  region size 1024K, 3 young (3072K), 3 survivors (3072K)
 Metaspace       used 69391K, capacity 71434K, committed 71580K, reserved 1112064K
  class space    used 9130K, capacity 9910K, committed 9980K, reserved 1048576K
}
Event: 48.807 GC heap before
{Heap before GC invocations=42 (full 0):
 garbage-first heap   total 83968K, used 70257K [0x00000000c8e00000, 0x0000000100000000)
  region size 1024K, 35 young (35840K), 3 survivors (3072K)
 Metaspace       used 69710K, capacity 71752K, committed 71836K, reserved 1112064K
  class space    used 9164K, capacity 9950K, committed 9980K, reserved 1048576K
}
Event: 48.822 GC heap after
{Heap after GC invocations=43 (full 0):
 garbage-first heap   total 83968K, used 38681K [0x00000000c8e00000, 0x0000000100000000)
  region size 1024K, 3 young (3072K), 3 survivors (3072K)
 Metaspace       used 69710K, capacity 71752K, committed 71836K, reserved 1112064K
  class space    used 9164K, capacity 9950K, committed 9980K, reserved 1048576K
}
Event: 49.544 GC heap before
{Heap before GC invocations=43 (full 0):
 garbage-first heap   total 83968K, used 70425K [0x00000000c8e00000, 0x0000000100000000)
  region size 1024K, 34 young (34816K), 3 survivors (3072K)
 Metaspace       used 69898K, capacity 71968K, committed 72092K, reserved 1112064K
  class space    used 9191K, capacity 9956K, committed 9980K, reserved 1048576K
}
Event: 49.553 GC heap after
{Heap after GC invocations=44 (full 0):
 garbage-first heap   total 83968K, used 39286K [0x00000000c8e00000, 0x0000000100000000)
  region size 1024K, 4 young (4096K), 4 survivors (4096K)
 Metaspace       used 69898K, capacity 71968K, committed 72092K, reserved 1112064K
  class space    used 9191K, capacity 9956K, committed 9980K, reserved 1048576K
}
Event: 50.291 GC heap before
{Heap before GC invocations=44 (full 0):
 garbage-first heap   total 83968K, used 68982K [0x00000000c8e00000, 0x0000000100000000)
  region size 1024K, 33 young (33792K), 4 survivors (4096K)
 Metaspace       used 70307K, capacity 72391K, committed 72732K, reserved 1112064K
  class space    used 9235K, capacity 10013K, committed 10108K, reserved 1048576K
}
Event: 50.301 GC heap after
{Heap after GC invocations=45 (full 0):
 garbage-first heap   total 83968K, used 40150K [0x00000000c8e00000, 0x0000000100000000)
  region size 1024K, 4 young (4096K), 4 survivors (4096K)
 Metaspace       used 70307K, capacity 72391K, committed 72732K, reserved 1112064K
  class space    used 9235K, capacity 10013K, committed 10108K, reserved 1048576K
}
Event: 50.905 GC heap before
{Heap before GC invocations=45 (full 0):
 garbage-first heap   total 83968K, used 69846K [0x00000000c8e00000, 0x0000000100000000)
  region size 1024K, 33 young (33792K), 4 survivors (4096K)
 Metaspace       used 71685K, capacity 73780K, committed 73884K, reserved 1116160K
  class space    used 9380K, capacity 10175K, committed 10236K, reserved 1048576K
}
Event: 50.919 GC heap after
{Heap after GC invocations=46 (full 0):
 garbage-first heap   total 83968K, used 40837K [0x00000000c8e00000, 0x0000000100000000)
  region size 1024K, 4 young (4096K), 4 survivors (4096K)
 Metaspace       used 71685K, capacity 73780K, committed 73884K, reserved 1116160K
  class space    used 9380K, capacity 10175K, committed 10236K, reserved 1048576K
}
Event: 51.860 GC heap before
{Heap before GC invocations=46 (full 0):
 garbage-first heap   total 83968K, used 69509K [0x00000000c8e00000, 0x0000000100000000)
  region size 1024K, 32 young (32768K), 4 survivors (4096K)
 Metaspace       used 71982K, capacity 74077K, committed 74140K, reserved 1116160K
  class space    used 9417K, capacity 10209K, committed 10236K, reserved 1048576K
}

